-- The C compiler identification is GNU 11.4.0
-- The CXX compiler identification is GNU 11.4.0
-- Detecting C compiler ABI info
-- Detecting C compiler ABI info - done
-- Check for working C compiler: /usr/bin/cc - skipped
-- Detecting C compile features
-- Detecting C compile features - done
-- Detecting CXX compiler ABI info
-- Detecting CXX compiler ABI info - done
-- Check for working CXX compiler: /usr/bin/c++ - skipped
-- Detecting CXX compile features
-- Detecting CXX compile features - done
-- Found ament_cmake: 1.3.2 (/opt/ros/humble/share/ament_cmake/cmake)
-- Found Python3: /usr/bin/python3.10 (found version "3.10.12") found components: Interpreter 
-- Override CMake install command with custom implementation using symlinks instead of copying resources
-- Found rclcpp: 16.0.1 (/opt/ros/humble/share/rclcpp/cmake)
-- Found rosidl_generator_c: 3.1.3 (/opt/ros/humble/share/rosidl_generator_c/cmake)
-- Found rosidl_adapter: 3.1.3 (/opt/ros/humble/share/rosidl_adapter/cmake)
-- Found rosidl_generator_cpp: 3.1.3 (/opt/ros/humble/share/rosidl_generator_cpp/cmake)
-- Using all available rosidl_typesupport_c: rosidl_typesupport_fastrtps_c;rosidl_typesupport_introspection_c
-- Using all available rosidl_typesupport_cpp: rosidl_typesupport_fastrtps_cpp;rosidl_typesupport_introspection_cpp
-- Found rmw_implementation_cmake: 6.1.0 (/opt/ros/humble/share/rmw_implementation_cmake/cmake)
-- Found rmw_fastrtps_cpp: 6.2.1 (/opt/ros/humble/share/rmw_fastrtps_cpp/cmake)
-- Found OpenSSL: /usr/lib/x86_64-linux-gnu/libcrypto.so (found version "3.0.2")  
-- Found FastRTPS: /opt/ros/humble/include  
-- Using RMW implementation 'rmw_fastrtps_cpp' as default
-- Found px4_msgs: 2.0.1 (/root/UAV-PX4/install/px4_msgs/share/px4_msgs/cmake)
-- Configuring done
-- Generating done
-- Build files have been written to: /home/ubuntu/Desktop/px4-ros2-uavctl/build/px4_hexctl
[ 40%] [32mBuilding CXX object CMakeFiles/offboard_control_lib.dir/src/px4_hexctl/src/offboard_control_lib/offboard_control.cpp.o[0m
[ 40%] [32mBuilding CXX object CMakeFiles/offboard_control_lib.dir/src/px4_hexctl/src/offboard_control_lib/vehicle.cpp.o[0m
[ 60%] [32m[1mLinking CXX static library liboffboard_control_lib.a[0m
[ 60%] Built target offboard_control_lib
[ 80%] [32mBuilding CXX object CMakeFiles/offboard_control_main.dir/src/px4_hexctl/src/main.cpp.o[0m
[100%] [32m[1mLinking CXX executable offboard_control_main[0m
[100%] Built target offboard_control_main
-- Install configuration: ""
-- Execute custom install script
-- Symlinking: /home/ubuntu/Desktop/px4-ros2-uavctl/install/px4_hexctl/lib/px4_hexctl/offboard_control_main
-- Symlinking: /home/ubuntu/Desktop/px4-ros2-uavctl/install/px4_hexctl/lib/liboffboard_control_lib.a
-- Symlinking: /home/ubuntu/Desktop/px4-ros2-uavctl/install/px4_hexctl/include//px4_hexctl/offboard_control.hpp
-- Symlinking: /home/ubuntu/Desktop/px4-ros2-uavctl/install/px4_hexctl/include//px4_hexctl/vehicle.hpp
-- Symlinking: /home/ubuntu/Desktop/px4-ros2-uavctl/install/px4_hexctl/lib/px4_hexctl/main.py
-- Symlinking: /home/ubuntu/Desktop/px4-ros2-uavctl/install/px4_hexctl/lib/px4_hexctl/main2.py
-- Symlinking: /home/ubuntu/Desktop/px4-ros2-uavctl/install/px4_hexctl/lib/px4_hexctl/main_srv.py
-- Symlinking: /home/ubuntu/Desktop/px4-ros2-uavctl/install/px4_hexctl/lib/px4_hexctl/offboard_control_lib.py
-- Symlinking: /home/ubuntu/Desktop/px4-ros2-uavctl/install/px4_hexctl/lib/px4_hexctl/test_rect.py
-- Symlinking: /home/ubuntu/Desktop/px4-ros2-uavctl/install/px4_hexctl/share/ament_index/resource_index/package_run_dependencies/px4_hexctl
-- Symlinking: /home/ubuntu/Desktop/px4-ros2-uavctl/install/px4_hexctl/share/ament_index/resource_index/parent_prefix_path/px4_hexctl
-- Symlinking: /home/ubuntu/Desktop/px4-ros2-uavctl/install/px4_hexctl/share/px4_hexctl/environment/ament_prefix_path.sh
-- Symlinking: /home/ubuntu/Desktop/px4-ros2-uavctl/install/px4_hexctl/share/px4_hexctl/environment/ament_prefix_path.dsv
-- Symlinking: /home/ubuntu/Desktop/px4-ros2-uavctl/install/px4_hexctl/share/px4_hexctl/environment/path.sh
-- Symlinking: /home/ubuntu/Desktop/px4-ros2-uavctl/install/px4_hexctl/share/px4_hexctl/environment/path.dsv
-- Symlinking: /home/ubuntu/Desktop/px4-ros2-uavctl/install/px4_hexctl/share/px4_hexctl/local_setup.bash
-- Symlinking: /home/ubuntu/Desktop/px4-ros2-uavctl/install/px4_hexctl/share/px4_hexctl/local_setup.sh
-- Symlinking: /home/ubuntu/Desktop/px4-ros2-uavctl/install/px4_hexctl/share/px4_hexctl/local_setup.zsh
-- Symlinking: /home/ubuntu/Desktop/px4-ros2-uavctl/install/px4_hexctl/share/px4_hexctl/local_setup.dsv
-- Symlinking: /home/ubuntu/Desktop/px4-ros2-uavctl/install/px4_hexctl/share/px4_hexctl/package.dsv
-- Symlinking: /home/ubuntu/Desktop/px4-ros2-uavctl/install/px4_hexctl/share/ament_index/resource_index/packages/px4_hexctl
-- Symlinking: /home/ubuntu/Desktop/px4-ros2-uavctl/install/px4_hexctl/share/px4_hexctl/cmake/px4_hexctlConfig.cmake
-- Symlinking: /home/ubuntu/Desktop/px4-ros2-uavctl/install/px4_hexctl/share/px4_hexctl/cmake/px4_hexctlConfig-version.cmake
-- Symlinking: /home/ubuntu/Desktop/px4-ros2-uavctl/install/px4_hexctl/share/px4_hexctl/package.xml
