[0.201s] DEBUG:colcon:Command line arguments: ['/usr/bin/colcon', 'build']
[0.201s] DEBUG:colcon:Parsed command line arguments: Namespace(log_base=None, log_level=None, verb_name='build', build_base='build', install_base='install', merge_install=False, symlink_install=False, test_result_base=None, continue_on_error=False, executor='parallel', parallel_workers=16, event_handlers=None, ignore_user_meta=False, metas=['./colcon.meta'], base_paths=['.'], packages_ignore=None, packages_ignore_regex=None, paths=None, packages_up_to=None, packages_up_to_regex=None, packages_above=None, packages_above_and_dependencies=None, packages_above_depth=None, packages_select_by_dep=None, packages_skip_by_dep=None, packages_skip_up_to=None, packages_select_build_failed=False, packages_skip_build_finished=False, packages_select_test_failures=False, packages_skip_test_passed=False, packages_select=None, packages_skip=None, packages_select_regex=None, packages_skip_regex=None, packages_start=None, packages_end=None, cmake_args=None, cmake_target=None, cmake_target_skip_unavailable=False, cmake_clean_cache=False, cmake_clean_first=False, cmake_force_configure=False, ament_cmake_args=None, catkin_cmake_args=None, catkin_skip_building_tests=False, mixin_files=None, mixin=None, verb_parser=<colcon_mixin.mixin.mixin_argument.MixinArgumentDecorator object at 0x7801b77c1a50>, verb_extension=<colcon_core.verb.build.BuildVerb object at 0x7801b79268c0>, main=<bound method BuildVerb.main of <colcon_core.verb.build.BuildVerb object at 0x7801b79268c0>>, mixin_verb=('build',))
[0.219s] Level 1:colcon.colcon_core.package_discovery:discover_packages(colcon_meta) check parameters
[0.220s] INFO:colcon.colcon_metadata.package_discovery.colcon_meta:Using configuration from '/root/.colcon/metadata/default/Gazebo.meta'
[0.220s] INFO:colcon.colcon_metadata.package_discovery.colcon_meta:Using configuration from '/root/.colcon/metadata/default/fastrtps.meta'
[0.220s] Level 1:colcon.colcon_core.package_discovery:discover_packages(recursive) check parameters
[0.220s] Level 1:colcon.colcon_core.package_discovery:discover_packages(ignore) check parameters
[0.220s] Level 1:colcon.colcon_core.package_discovery:discover_packages(path) check parameters
[0.220s] Level 1:colcon.colcon_core.package_discovery:discover_packages(colcon_meta) discover
[0.220s] Level 1:colcon.colcon_core.package_discovery:discover_packages(recursive) discover
[0.221s] INFO:colcon.colcon_core.package_discovery:Crawling recursively for packages in '/home/ubuntu/Desktop/px4-ros2-uavctl'
[0.221s] Level 1:colcon.colcon_core.package_identification:_identify(.) by extensions ['ignore', 'ignore_ament_install']
[0.221s] Level 1:colcon.colcon_core.package_identification:_identify(.) by extension 'ignore'
[0.221s] Level 1:colcon.colcon_core.package_identification:_identify(.) by extension 'ignore_ament_install'
[0.221s] Level 1:colcon.colcon_core.package_identification:_identify(.) by extensions ['colcon_pkg']
[0.221s] Level 1:colcon.colcon_core.package_identification:_identify(.) by extension 'colcon_pkg'
[0.221s] Level 1:colcon.colcon_core.package_identification:_identify(.) by extensions ['colcon_meta']
[0.221s] Level 1:colcon.colcon_core.package_identification:_identify(.) by extension 'colcon_meta'
[0.221s] Level 1:colcon.colcon_core.package_identification:_identify(.) by extensions ['ros']
[0.221s] Level 1:colcon.colcon_core.package_identification:_identify(.) by extension 'ros'
[0.231s] DEBUG:colcon.colcon_core.package_identification:Package '.' with type 'ros.ament_cmake' and name 'px4_hexctl'
[0.231s] Level 1:colcon.colcon_core.package_discovery:discover_packages(recursive) using defaults
[0.231s] Level 1:colcon.colcon_core.package_discovery:discover_packages(ignore) discover
[0.231s] Level 1:colcon.colcon_core.package_discovery:discover_packages(ignore) using defaults
[0.231s] Level 1:colcon.colcon_core.package_discovery:discover_packages(path) discover
[0.231s] Level 1:colcon.colcon_core.package_discovery:discover_packages(path) using defaults
[0.259s] Level 5:colcon.colcon_core.verb:set package 'px4_hexctl' build argument 'cmake_args' from command line to 'None'
[0.259s] Level 5:colcon.colcon_core.verb:set package 'px4_hexctl' build argument 'cmake_target' from command line to 'None'
[0.259s] Level 5:colcon.colcon_core.verb:set package 'px4_hexctl' build argument 'cmake_target_skip_unavailable' from command line to 'False'
[0.259s] Level 5:colcon.colcon_core.verb:set package 'px4_hexctl' build argument 'cmake_clean_cache' from command line to 'False'
[0.259s] Level 5:colcon.colcon_core.verb:set package 'px4_hexctl' build argument 'cmake_clean_first' from command line to 'False'
[0.259s] Level 5:colcon.colcon_core.verb:set package 'px4_hexctl' build argument 'cmake_force_configure' from command line to 'False'
[0.259s] Level 5:colcon.colcon_core.verb:set package 'px4_hexctl' build argument 'ament_cmake_args' from command line to 'None'
[0.259s] Level 5:colcon.colcon_core.verb:set package 'px4_hexctl' build argument 'catkin_cmake_args' from command line to 'None'
[0.259s] Level 5:colcon.colcon_core.verb:set package 'px4_hexctl' build argument 'catkin_skip_building_tests' from command line to 'False'
[0.259s] DEBUG:colcon.colcon_core.verb:Building package 'px4_hexctl' with the following arguments: {'ament_cmake_args': None, 'build_base': '/home/ubuntu/Desktop/px4-ros2-uavctl/build/px4_hexctl', 'catkin_cmake_args': None, 'catkin_skip_building_tests': False, 'cmake_args': None, 'cmake_clean_cache': False, 'cmake_clean_first': False, 'cmake_force_configure': False, 'cmake_target': None, 'cmake_target_skip_unavailable': False, 'install_base': '/home/ubuntu/Desktop/px4-ros2-uavctl/install/px4_hexctl', 'merge_install': False, 'path': '/home/ubuntu/Desktop/px4-ros2-uavctl', 'symlink_install': False, 'test_result_base': None}
[0.259s] INFO:colcon.colcon_core.executor:Executing jobs using 'parallel' executor
[0.261s] DEBUG:colcon.colcon_parallel_executor.executor.parallel:run_until_complete
[0.261s] INFO:colcon.colcon_ros.task.ament_cmake.build:Building ROS package in '/home/ubuntu/Desktop/px4-ros2-uavctl' with build type 'ament_cmake'
[0.261s] INFO:colcon.colcon_cmake.task.cmake.build:Building CMake package in '/home/ubuntu/Desktop/px4-ros2-uavctl'
[0.263s] INFO:colcon.colcon_core.plugin_system:Skipping extension 'colcon_core.shell.bat': Not used on non-Windows systems
[0.264s] INFO:colcon.colcon_core.shell:Skip shell extension 'powershell' for command environment: Not usable outside of PowerShell
[0.264s] DEBUG:colcon.colcon_core.shell:Skip shell extension 'dsv' for command environment
[0.275s] DEBUG:colcon.colcon_core.event_handler.log_command:Invoking command in '/home/ubuntu/Desktop/px4-ros2-uavctl/build/px4_hexctl': CMAKE_PREFIX_PATH=${CMAKE_PREFIX_PATH}:/opt/ros/humble /usr/bin/cmake --build /home/ubuntu/Desktop/px4-ros2-uavctl/build/px4_hexctl -- -j16 -l16
[12.762s] DEBUG:colcon.colcon_core.event_handler.log_command:Invoked command in '/home/ubuntu/Desktop/px4-ros2-uavctl/build/px4_hexctl' returned '0': CMAKE_PREFIX_PATH=${CMAKE_PREFIX_PATH}:/opt/ros/humble /usr/bin/cmake --build /home/ubuntu/Desktop/px4-ros2-uavctl/build/px4_hexctl -- -j16 -l16
[12.818s] DEBUG:colcon.colcon_core.event_handler.log_command:Invoking command in '/home/ubuntu/Desktop/px4-ros2-uavctl/build/px4_hexctl': CMAKE_PREFIX_PATH=${CMAKE_PREFIX_PATH}:/opt/ros/humble /usr/bin/cmake --install /home/ubuntu/Desktop/px4-ros2-uavctl/build/px4_hexctl
[12.826s] Level 1:colcon.colcon_core.environment:create_environment_scripts_only(px4_hexctl)
[12.829s] DEBUG:colcon.colcon_core.event_handler.log_command:Invoked command in '/home/ubuntu/Desktop/px4-ros2-uavctl/build/px4_hexctl' returned '0': CMAKE_PREFIX_PATH=${CMAKE_PREFIX_PATH}:/opt/ros/humble /usr/bin/cmake --install /home/ubuntu/Desktop/px4-ros2-uavctl/build/px4_hexctl
[12.830s] Level 1:colcon.colcon_core.environment:checking '/home/ubuntu/Desktop/px4-ros2-uavctl/install/px4_hexctl' for CMake module files
[12.831s] Level 1:colcon.colcon_core.environment:checking '/home/ubuntu/Desktop/px4-ros2-uavctl/install/px4_hexctl' for CMake config files
[12.831s] Level 1:colcon.colcon_core.shell:create_environment_hook('px4_hexctl', 'cmake_prefix_path')
[12.832s] INFO:colcon.colcon_core.shell:Creating environment hook '/home/ubuntu/Desktop/px4-ros2-uavctl/install/px4_hexctl/share/px4_hexctl/hook/cmake_prefix_path.ps1'
[12.832s] INFO:colcon.colcon_core.shell:Creating environment descriptor '/home/ubuntu/Desktop/px4-ros2-uavctl/install/px4_hexctl/share/px4_hexctl/hook/cmake_prefix_path.dsv'
[12.833s] INFO:colcon.colcon_core.shell:Creating environment hook '/home/ubuntu/Desktop/px4-ros2-uavctl/install/px4_hexctl/share/px4_hexctl/hook/cmake_prefix_path.sh'
[12.833s] Level 1:colcon.colcon_core.environment:checking '/home/ubuntu/Desktop/px4-ros2-uavctl/install/px4_hexctl/lib'
[12.834s] Level 1:colcon.colcon_core.environment:checking '/home/ubuntu/Desktop/px4-ros2-uavctl/install/px4_hexctl/bin'
[12.834s] Level 1:colcon.colcon_core.environment:checking '/home/ubuntu/Desktop/px4-ros2-uavctl/install/px4_hexctl/lib/pkgconfig/px4_hexctl.pc'
[12.835s] Level 1:colcon.colcon_core.environment:checking '/home/ubuntu/Desktop/px4-ros2-uavctl/install/px4_hexctl/lib/python3.10/site-packages'
[12.835s] Level 1:colcon.colcon_core.environment:checking '/home/ubuntu/Desktop/px4-ros2-uavctl/install/px4_hexctl/bin'
[12.836s] INFO:colcon.colcon_core.shell:Creating package script '/home/ubuntu/Desktop/px4-ros2-uavctl/install/px4_hexctl/share/px4_hexctl/package.ps1'
[12.837s] INFO:colcon.colcon_core.shell:Creating package descriptor '/home/ubuntu/Desktop/px4-ros2-uavctl/install/px4_hexctl/share/px4_hexctl/package.dsv'
[12.837s] INFO:colcon.colcon_core.shell:Creating package script '/home/ubuntu/Desktop/px4-ros2-uavctl/install/px4_hexctl/share/px4_hexctl/package.sh'
[12.837s] INFO:colcon.colcon_core.shell:Creating package script '/home/ubuntu/Desktop/px4-ros2-uavctl/install/px4_hexctl/share/px4_hexctl/package.bash'
[12.838s] INFO:colcon.colcon_core.shell:Creating package script '/home/ubuntu/Desktop/px4-ros2-uavctl/install/px4_hexctl/share/px4_hexctl/package.zsh'
[12.838s] Level 1:colcon.colcon_core.environment:create_file_with_runtime_dependencies(/home/ubuntu/Desktop/px4-ros2-uavctl/install/px4_hexctl/share/colcon-core/packages/px4_hexctl)
[12.880s] Level 1:colcon.colcon_core.environment:create_environment_scripts_only(px4_hexctl)
[12.881s] Level 1:colcon.colcon_core.environment:checking '/home/ubuntu/Desktop/px4-ros2-uavctl/install/px4_hexctl' for CMake module files
[12.882s] Level 1:colcon.colcon_core.environment:checking '/home/ubuntu/Desktop/px4-ros2-uavctl/install/px4_hexctl' for CMake config files
[12.882s] Level 1:colcon.colcon_core.shell:create_environment_hook('px4_hexctl', 'cmake_prefix_path')
[12.882s] INFO:colcon.colcon_core.shell:Creating environment hook '/home/ubuntu/Desktop/px4-ros2-uavctl/install/px4_hexctl/share/px4_hexctl/hook/cmake_prefix_path.ps1'
[12.883s] INFO:colcon.colcon_core.shell:Creating environment descriptor '/home/ubuntu/Desktop/px4-ros2-uavctl/install/px4_hexctl/share/px4_hexctl/hook/cmake_prefix_path.dsv'
[12.883s] INFO:colcon.colcon_core.shell:Creating environment hook '/home/ubuntu/Desktop/px4-ros2-uavctl/install/px4_hexctl/share/px4_hexctl/hook/cmake_prefix_path.sh'
[12.884s] Level 1:colcon.colcon_core.environment:checking '/home/ubuntu/Desktop/px4-ros2-uavctl/install/px4_hexctl/lib'
[12.884s] Level 1:colcon.colcon_core.environment:checking '/home/ubuntu/Desktop/px4-ros2-uavctl/install/px4_hexctl/bin'
[12.884s] Level 1:colcon.colcon_core.environment:checking '/home/ubuntu/Desktop/px4-ros2-uavctl/install/px4_hexctl/lib/pkgconfig/px4_hexctl.pc'
[12.884s] Level 1:colcon.colcon_core.environment:checking '/home/ubuntu/Desktop/px4-ros2-uavctl/install/px4_hexctl/lib/python3.10/site-packages'
[12.884s] Level 1:colcon.colcon_core.environment:checking '/home/ubuntu/Desktop/px4-ros2-uavctl/install/px4_hexctl/bin'
[12.885s] INFO:colcon.colcon_core.shell:Creating package script '/home/ubuntu/Desktop/px4-ros2-uavctl/install/px4_hexctl/share/px4_hexctl/package.ps1'
[12.886s] INFO:colcon.colcon_core.shell:Creating package descriptor '/home/ubuntu/Desktop/px4-ros2-uavctl/install/px4_hexctl/share/px4_hexctl/package.dsv'
[12.886s] INFO:colcon.colcon_core.shell:Creating package script '/home/ubuntu/Desktop/px4-ros2-uavctl/install/px4_hexctl/share/px4_hexctl/package.sh'
[12.887s] INFO:colcon.colcon_core.shell:Creating package script '/home/ubuntu/Desktop/px4-ros2-uavctl/install/px4_hexctl/share/px4_hexctl/package.bash'
[12.887s] INFO:colcon.colcon_core.shell:Creating package script '/home/ubuntu/Desktop/px4-ros2-uavctl/install/px4_hexctl/share/px4_hexctl/package.zsh'
[12.887s] Level 1:colcon.colcon_core.environment:create_file_with_runtime_dependencies(/home/ubuntu/Desktop/px4-ros2-uavctl/install/px4_hexctl/share/colcon-core/packages/px4_hexctl)
[12.888s] DEBUG:colcon.colcon_parallel_executor.executor.parallel:closing loop
[12.888s] DEBUG:colcon.colcon_parallel_executor.executor.parallel:loop closed
[12.888s] DEBUG:colcon.colcon_parallel_executor.executor.parallel:run_until_complete finished with '0'
[12.888s] DEBUG:colcon.colcon_core.event_reactor:joining thread
[12.894s] INFO:colcon.colcon_core.plugin_system:Skipping extension 'colcon_notification.desktop_notification.notify_send': Could not find 'notify-send'
[12.895s] INFO:colcon.colcon_core.plugin_system:Skipping extension 'colcon_notification.desktop_notification.terminal_notifier': Not used on non-Darwin systems
[12.895s] INFO:colcon.colcon_core.plugin_system:Skipping extension 'colcon_notification.desktop_notification.win32': Not used on non-Windows systems
[12.895s] INFO:colcon.colcon_notification.desktop_notification:Sending desktop notification using 'notify2'
[12.903s] DEBUG:colcon.colcon_notification.desktop_notification.notify2:Failed to initialize notify2: org.freedesktop.DBus.Error.ServiceUnknown: The name org.freedesktop.Notifications was not provided by any .service files
[12.903s] DEBUG:colcon.colcon_core.event_reactor:joined thread
[12.904s] INFO:colcon.colcon_core.shell:Creating prefix script '/home/ubuntu/Desktop/px4-ros2-uavctl/install/local_setup.ps1'
[12.904s] INFO:colcon.colcon_core.shell:Creating prefix util module '/home/ubuntu/Desktop/px4-ros2-uavctl/install/_local_setup_util_ps1.py'
[12.905s] INFO:colcon.colcon_core.shell:Creating prefix chain script '/home/ubuntu/Desktop/px4-ros2-uavctl/install/setup.ps1'
[12.906s] INFO:colcon.colcon_core.shell:Creating prefix script '/home/ubuntu/Desktop/px4-ros2-uavctl/install/local_setup.sh'
[12.906s] INFO:colcon.colcon_core.shell:Creating prefix util module '/home/ubuntu/Desktop/px4-ros2-uavctl/install/_local_setup_util_sh.py'
[12.907s] INFO:colcon.colcon_core.shell:Creating prefix chain script '/home/ubuntu/Desktop/px4-ros2-uavctl/install/setup.sh'
[12.908s] INFO:colcon.colcon_core.shell:Creating prefix script '/home/ubuntu/Desktop/px4-ros2-uavctl/install/local_setup.bash'
[12.908s] INFO:colcon.colcon_core.shell:Creating prefix chain script '/home/ubuntu/Desktop/px4-ros2-uavctl/install/setup.bash'
[12.913s] INFO:colcon.colcon_core.shell:Creating prefix script '/home/ubuntu/Desktop/px4-ros2-uavctl/install/local_setup.zsh'
[12.914s] INFO:colcon.colcon_core.shell:Creating prefix chain script '/home/ubuntu/Desktop/px4-ros2-uavctl/install/setup.zsh'
