[0.014s] Invoking command in '/home/ubuntu/Desktop/px4-ros2-uavctl/build/px4_hexctl': CMAKE_PREFIX_PATH=${CMAKE_PREFIX_PATH}:/opt/ros/humble /usr/bin/cmake /home/ubuntu/Desktop/px4-ros2-uavctl -DCMAKE_INSTALL_PREFIX=/home/ubuntu/Desktop/px4-ros2-uavctl/install/px4_hexctl
[0.022s] -- Found ament_cmake: 1.3.2 (/opt/ros/humble/share/ament_cmake/cmake)
[0.136s] -- Override CMake install command with custom implementation using symlinks instead of copying resources
[0.142s] -- Found rclcpp: 16.0.1 (/opt/ros/humble/share/rclcpp/cmake)
[0.169s] -- Found rosidl_generator_c: 3.1.3 (/opt/ros/humble/share/rosidl_generator_c/cmake)
[0.170s] -- Found rosidl_adapter: 3.1.3 (/opt/ros/humble/share/rosidl_adapter/cmake)
[0.175s] -- Found rosidl_generator_cpp: 3.1.3 (/opt/ros/humble/share/rosidl_generator_cpp/cmake)
[0.182s] -- Using all available rosidl_typesupport_c: rosidl_typesupport_fastrtps_c;rosidl_typesupport_introspection_c
[0.195s] -- Using all available rosidl_typesupport_cpp: rosidl_typesupport_fastrtps_cpp;rosidl_typesupport_introspection_cpp
[0.239s] -- Found rmw_implementation_cmake: 6.1.0 (/opt/ros/humble/share/rmw_implementation_cmake/cmake)
[0.240s] -- Found rmw_fastrtps_cpp: 6.2.1 (/opt/ros/humble/share/rmw_fastrtps_cpp/cmake)
[0.379s] -- Using RMW implementation 'rmw_fastrtps_cpp' as default
[0.490s] -- Found px4_msgs: 2.0.1 (/root/UAV-PX4/install/px4_msgs/share/px4_msgs/cmake)
[0.575s] -- Configuring done
[0.582s] -- Generating done
[0.583s] -- Build files have been written to: /home/ubuntu/Desktop/px4-ros2-uavctl/build/px4_hexctl
[0.591s] Invoked command in '/home/ubuntu/Desktop/px4-ros2-uavctl/build/px4_hexctl' returned '0': CMAKE_PREFIX_PATH=${CMAKE_PREFIX_PATH}:/opt/ros/humble /usr/bin/cmake /home/ubuntu/Desktop/px4-ros2-uavctl -DCMAKE_INSTALL_PREFIX=/home/ubuntu/Desktop/px4-ros2-uavctl/install/px4_hexctl
[0.592s] Invoking command in '/home/ubuntu/Desktop/px4-ros2-uavctl/build/px4_hexctl': CMAKE_PREFIX_PATH=${CMAKE_PREFIX_PATH}:/opt/ros/humble /usr/bin/cmake --build /home/ubuntu/Desktop/px4-ros2-uavctl/build/px4_hexctl -- -j16 -l16
[0.632s] [35m[1mConsolidate compiler generated dependencies of target offboard_control_lib[0m
[0.651s] [ 20%] [32mBuilding CXX object CMakeFiles/offboard_control_lib.dir/src/px4_hexctl/src/offboard_control_lib/offboard_control.cpp.o[0m
[10.854s] [ 40%] [32m[1mLinking CXX static library liboffboard_control_lib.a[0m
[11.055s] [ 60%] Built target offboard_control_lib
[11.069s] [35m[1mConsolidate compiler generated dependencies of target offboard_control_main[0m
[11.086s] [ 80%] [32mBuilding CXX object CMakeFiles/offboard_control_main.dir/src/px4_hexctl/src/main.cpp.o[0m
[13.618s] [100%] [32m[1mLinking CXX executable offboard_control_main[0m
[14.171s] [100%] Built target offboard_control_main
[14.187s] Invoked command in '/home/ubuntu/Desktop/px4-ros2-uavctl/build/px4_hexctl' returned '0': CMAKE_PREFIX_PATH=${CMAKE_PREFIX_PATH}:/opt/ros/humble /usr/bin/cmake --build /home/ubuntu/Desktop/px4-ros2-uavctl/build/px4_hexctl -- -j16 -l16
[14.226s] Invoking command in '/home/ubuntu/Desktop/px4-ros2-uavctl/build/px4_hexctl': CMAKE_PREFIX_PATH=${CMAKE_PREFIX_PATH}:/opt/ros/humble /usr/bin/cmake --install /home/ubuntu/Desktop/px4-ros2-uavctl/build/px4_hexctl
[14.231s] -- Install configuration: ""
[14.231s] -- Execute custom install script
[14.232s] -- Up-to-date symlink: /home/ubuntu/Desktop/px4-ros2-uavctl/install/px4_hexctl/lib/px4_hexctl/offboard_control_main
[14.232s] -- Up-to-date symlink: /home/ubuntu/Desktop/px4-ros2-uavctl/install/px4_hexctl/lib/liboffboard_control_lib.a
[14.232s] -- Up-to-date symlink: /home/ubuntu/Desktop/px4-ros2-uavctl/install/px4_hexctl/include//px4_hexctl/offboard_control.hpp
[14.232s] -- Up-to-date symlink: /home/ubuntu/Desktop/px4-ros2-uavctl/install/px4_hexctl/include//px4_hexctl/vehicle.hpp
[14.232s] -- Up-to-date symlink: /home/ubuntu/Desktop/px4-ros2-uavctl/install/px4_hexctl/lib/px4_hexctl/main.py
[14.232s] -- Up-to-date symlink: /home/ubuntu/Desktop/px4-ros2-uavctl/install/px4_hexctl/lib/px4_hexctl/main2.py
[14.232s] -- Up-to-date symlink: /home/ubuntu/Desktop/px4-ros2-uavctl/install/px4_hexctl/lib/px4_hexctl/main_srv.py
[14.232s] -- Up-to-date symlink: /home/ubuntu/Desktop/px4-ros2-uavctl/install/px4_hexctl/lib/px4_hexctl/offboard_control_lib.py
[14.232s] -- Up-to-date symlink: /home/ubuntu/Desktop/px4-ros2-uavctl/install/px4_hexctl/lib/px4_hexctl/test_rect.py
[14.232s] -- Up-to-date symlink: /home/ubuntu/Desktop/px4-ros2-uavctl/install/px4_hexctl/share/ament_index/resource_index/package_run_dependencies/px4_hexctl
[14.233s] -- Up-to-date symlink: /home/ubuntu/Desktop/px4-ros2-uavctl/install/px4_hexctl/share/ament_index/resource_index/parent_prefix_path/px4_hexctl
[14.233s] -- Up-to-date symlink: /home/ubuntu/Desktop/px4-ros2-uavctl/install/px4_hexctl/share/px4_hexctl/environment/ament_prefix_path.sh
[14.233s] -- Up-to-date symlink: /home/ubuntu/Desktop/px4-ros2-uavctl/install/px4_hexctl/share/px4_hexctl/environment/ament_prefix_path.dsv
[14.233s] -- Up-to-date symlink: /home/ubuntu/Desktop/px4-ros2-uavctl/install/px4_hexctl/share/px4_hexctl/environment/path.sh
[14.233s] -- Up-to-date symlink: /home/ubuntu/Desktop/px4-ros2-uavctl/install/px4_hexctl/share/px4_hexctl/environment/path.dsv
[14.233s] -- Up-to-date symlink: /home/ubuntu/Desktop/px4-ros2-uavctl/install/px4_hexctl/share/px4_hexctl/local_setup.bash
[14.233s] -- Up-to-date symlink: /home/ubuntu/Desktop/px4-ros2-uavctl/install/px4_hexctl/share/px4_hexctl/local_setup.sh
[14.233s] -- Up-to-date symlink: /home/ubuntu/Desktop/px4-ros2-uavctl/install/px4_hexctl/share/px4_hexctl/local_setup.zsh
[14.233s] -- Up-to-date symlink: /home/ubuntu/Desktop/px4-ros2-uavctl/install/px4_hexctl/share/px4_hexctl/local_setup.dsv
[14.233s] -- Symlinking: /home/ubuntu/Desktop/px4-ros2-uavctl/install/px4_hexctl/share/px4_hexctl/package.dsv
[14.241s] -- Up-to-date symlink: /home/ubuntu/Desktop/px4-ros2-uavctl/install/px4_hexctl/share/ament_index/resource_index/packages/px4_hexctl
[14.241s] -- Up-to-date symlink: /home/ubuntu/Desktop/px4-ros2-uavctl/install/px4_hexctl/share/px4_hexctl/cmake/px4_hexctlConfig.cmake
[14.242s] -- Up-to-date symlink: /home/ubuntu/Desktop/px4-ros2-uavctl/install/px4_hexctl/share/px4_hexctl/cmake/px4_hexctlConfig-version.cmake
[14.242s] -- Up-to-date symlink: /home/ubuntu/Desktop/px4-ros2-uavctl/install/px4_hexctl/share/px4_hexctl/package.xml
[14.243s] Invoked command in '/home/ubuntu/Desktop/px4-ros2-uavctl/build/px4_hexctl' returned '0': CMAKE_PREFIX_PATH=${CMAKE_PREFIX_PATH}:/opt/ros/humble /usr/bin/cmake --install /home/ubuntu/Desktop/px4-ros2-uavctl/build/px4_hexctl
